2019-12-30 19:00:33.024 [main] INFO  o.s.c.s.PostProcessorRegistrationDelegate$BeanPostProcessorChecker - Bean 'org.springframework.cloud.autoconfigure.ConfigurationPropertiesRebinderAutoConfiguration' of type [org.springframework.cloud.autoconfigure.ConfigurationPropertiesRebinderAutoConfiguration$$EnhancerBySpringCGLIB$$80d65c16] is not eligible for getting processed by all BeanPostProcessors (for example: not eligible for auto-proxying)
2019-12-30 19:00:33.632 [main] INFO  o.s.c.c.client.ConfigServicePropertySourceLocator - Fetching config from server at : http://localhost:8888
2019-12-30 19:00:34.769 [main] INFO  o.s.c.c.client.ConfigServicePropertySourceLocator - Connect Timeout Exception on Url - http://localhost:8888. Will be trying the next url if available
2019-12-30 19:00:34.769 [main] WARN  o.s.c.c.client.ConfigServicePropertySourceLocator - Could not locate PropertySource: I/O error on GET request for "http://localhost:8888/msa-weather-eureka-client-zuul/default": Connection refused: connect; nested exception is java.net.ConnectException: Connection refused: connect
2019-12-30 19:00:34.769 [main] INFO  com.example.gradleDemo.MsaEurekaZuulApplication - The following profiles are active: zuul
2019-12-30 19:00:35.570 [main] WARN  o.springframework.boot.actuate.endpoint.EndpointId - Endpoint ID 'service-registry' contains invalid characters, please migrate to a valid format.
2019-12-30 19:00:35.587 [main] WARN  o.springframework.boot.actuate.endpoint.EndpointId - Endpoint ID 'hystrix.stream' contains invalid characters, please migrate to a valid format.
2019-12-30 19:00:36.027 [main] INFO  o.springframework.cloud.context.scope.GenericScope - BeanFactory id=3928284b-e6ce-39b8-b104-18c50d75cdb2
2019-12-30 19:00:36.561 [main] INFO  o.s.c.s.PostProcessorRegistrationDelegate$BeanPostProcessorChecker - Bean 'org.springframework.cloud.autoconfigure.ConfigurationPropertiesRebinderAutoConfiguration' of type [org.springframework.cloud.autoconfigure.ConfigurationPropertiesRebinderAutoConfiguration$$EnhancerBySpringCGLIB$$80d65c16] is not eligible for getting processed by all BeanPostProcessors (for example: not eligible for auto-proxying)
2019-12-30 19:00:37.331 [main] INFO  o.s.boot.web.embedded.tomcat.TomcatWebServer - Tomcat initialized with port(s): 8882 (http)
2019-12-30 19:00:37.368 [main] INFO  org.apache.coyote.http11.Http11NioProtocol - Initializing ProtocolHandler ["http-nio-8882"]
2019-12-30 19:00:37.388 [main] INFO  org.apache.catalina.core.StandardService - Starting service [Tomcat]
2019-12-30 19:00:37.392 [main] INFO  org.apache.catalina.core.StandardEngine - Starting Servlet engine: [Apache Tomcat/9.0.21]
2019-12-30 19:00:37.673 [main] INFO  o.a.c.core.ContainerBase.[Tomcat].[localhost].[/] - Initializing Spring embedded WebApplicationContext
2019-12-30 19:00:37.689 [main] INFO  org.springframework.web.context.ContextLoader - Root WebApplicationContext: initialization completed in 2904 ms
2019-12-30 19:00:38.153 [main] WARN  com.netflix.config.sources.URLConfigurationSource - No URLs will be polled as dynamic configuration sources.
2019-12-30 19:00:38.153 [main] INFO  com.netflix.config.sources.URLConfigurationSource - To enable URLs as dynamic configuration sources, define System property archaius.configurationSource.additionalUrls or make config.properties available on classpath.
2019-12-30 19:00:38.213 [main] INFO  com.netflix.config.DynamicPropertyFactory - DynamicPropertyFactory is initialized with configuration sources: com.netflix.config.ConcurrentCompositeConfiguration@12b5736c
2019-12-30 19:00:40.524 [main] WARN  com.netflix.config.sources.URLConfigurationSource - No URLs will be polled as dynamic configuration sources.
2019-12-30 19:00:40.524 [main] INFO  com.netflix.config.sources.URLConfigurationSource - To enable URLs as dynamic configuration sources, define System property archaius.configurationSource.additionalUrls or make config.properties available on classpath.
2019-12-30 19:00:40.860 [main] INFO  o.s.scheduling.concurrent.ThreadPoolTaskExecutor - Initializing ExecutorService 'applicationTaskExecutor'
2019-12-30 19:00:42.508 [main] INFO  o.s.cloud.netflix.zuul.ZuulFilterInitializer - Starting filter initializer
2019-12-30 19:00:42.542 [main] INFO  o.s.b.actuate.endpoint.web.EndpointLinksResolver - Exposing 2 endpoint(s) beneath base path '/actuator'
2019-12-30 19:00:42.837 [main] INFO  o.s.cloud.netflix.eureka.InstanceInfoFactory - Setting initial instance status as: STARTING
2019-12-30 19:00:42.929 [main] INFO  com.netflix.discovery.DiscoveryClient - Initializing Eureka in region us-east-1
2019-12-30 19:00:43.100 [main] INFO  c.n.discovery.provider.DiscoveryJerseyProvider - Using JSON encoding codec LegacyJacksonJson
2019-12-30 19:00:43.100 [main] INFO  c.n.discovery.provider.DiscoveryJerseyProvider - Using JSON decoding codec LegacyJacksonJson
2019-12-30 19:00:43.384 [main] INFO  c.n.discovery.provider.DiscoveryJerseyProvider - Using XML encoding codec XStreamXml
2019-12-30 19:00:43.385 [main] INFO  c.n.discovery.provider.DiscoveryJerseyProvider - Using XML decoding codec XStreamXml
2019-12-30 19:00:43.770 [main] INFO  c.n.d.shared.resolver.aws.ConfigClusterResolver - Resolving eureka endpoints via configuration
2019-12-30 19:00:44.112 [main] INFO  com.netflix.discovery.DiscoveryClient - Disable delta property : false
2019-12-30 19:00:44.119 [main] INFO  com.netflix.discovery.DiscoveryClient - Single vip registry refresh property : null
2019-12-30 19:00:44.120 [main] INFO  com.netflix.discovery.DiscoveryClient - Force full registry fetch : false
2019-12-30 19:00:44.120 [main] INFO  com.netflix.discovery.DiscoveryClient - Application is null : false
2019-12-30 19:00:44.120 [main] INFO  com.netflix.discovery.DiscoveryClient - Registered Applications size is zero : true
2019-12-30 19:00:44.120 [main] INFO  com.netflix.discovery.DiscoveryClient - Application version is -1: true
2019-12-30 19:00:44.120 [main] INFO  com.netflix.discovery.DiscoveryClient - Getting all instance registry info from the eureka server
2019-12-30 19:00:44.557 [main] INFO  com.netflix.discovery.DiscoveryClient - The response status is 200
2019-12-30 19:00:44.561 [main] INFO  com.netflix.discovery.DiscoveryClient - Starting heartbeat executor: renew interval is: 30
2019-12-30 19:00:44.561 [main] INFO  com.netflix.discovery.InstanceInfoReplicator - InstanceInfoReplicator onDemand update allowed rate per min is 4
2019-12-30 19:00:44.561 [main] INFO  com.netflix.discovery.DiscoveryClient - Discovery Client initialized at timestamp 1577703644561 with initial instances count: 6
2019-12-30 19:00:44.577 [main] INFO  o.s.c.n.e.serviceregistry.EurekaServiceRegistry - Registering application MSA-WEATHER-EUREKA-CLIENT-ZUUL with eureka with status UP
2019-12-30 19:00:44.577 [main] INFO  com.netflix.discovery.DiscoveryClient - Saw local status change event StatusChangeEvent [timestamp=1577703644577, current=UP, previous=STARTING]
2019-12-30 19:00:44.592 [DiscoveryClient-InstanceInfoReplicator-0] INFO  com.netflix.discovery.DiscoveryClient - DiscoveryClient_MSA-WEATHER-EUREKA-CLIENT-ZUUL/host.docker.internal:msa-weather-eureka-client-zuul:8882: registering service...
2019-12-30 19:00:44.614 [main] INFO  org.apache.coyote.http11.Http11NioProtocol - Starting ProtocolHandler ["http-nio-8882"]
2019-12-30 19:00:44.708 [main] INFO  o.s.boot.web.embedded.tomcat.TomcatWebServer - Tomcat started on port(s): 8882 (http) with context path ''
2019-12-30 19:00:44.724 [main] INFO  o.s.c.n.e.s.EurekaAutoServiceRegistration - Updating port to 8882
2019-12-30 19:00:44.724 [main] INFO  com.example.gradleDemo.MsaEurekaZuulApplication - Started MsaEurekaZuulApplication in 13.642 seconds (JVM running for 14.448)
2019-12-30 19:00:44.897 [DiscoveryClient-InstanceInfoReplicator-0] INFO  com.netflix.discovery.DiscoveryClient - DiscoveryClient_MSA-WEATHER-EUREKA-CLIENT-ZUUL/host.docker.internal:msa-weather-eureka-client-zuul:8882 - registration status: 204
2019-12-30 19:02:21.396 [http-nio-8882-exec-9] INFO  o.a.c.core.ContainerBase.[Tomcat].[localhost].[/] - Initializing Spring DispatcherServlet 'dispatcherServlet'
2019-12-30 19:02:21.397 [http-nio-8882-exec-9] INFO  org.springframework.web.servlet.DispatcherServlet - Initializing Servlet 'dispatcherServlet'
2019-12-30 19:02:21.412 [http-nio-8882-exec-9] INFO  org.springframework.web.servlet.DispatcherServlet - Completed initialization in 14 ms
2019-12-30 19:02:21.936 [http-nio-8882-exec-9] INFO  com.netflix.config.ChainedDynamicProperty - Flipping property: micro-weather-city-eureka.ribbon.ActiveConnectionsLimit to use NEXT property: niws.loadbalancer.availabilityFilteringRule.activeConnectionsLimit = 2147483647
2019-12-30 19:02:22.001 [http-nio-8882-exec-9] INFO  com.netflix.util.concurrent.ShutdownEnabledTimer - Shutdown hook installed for: NFLoadBalancer-PingTimer-micro-weather-city-eureka
2019-12-30 19:02:22.001 [http-nio-8882-exec-9] INFO  com.netflix.loadbalancer.BaseLoadBalancer - Client: micro-weather-city-eureka instantiated a LoadBalancer: DynamicServerListLoadBalancer:{NFLoadBalancer:name=micro-weather-city-eureka,current list of Servers=[],Load balancer stats=Zone stats: {},Server stats: []}ServerList:null
2019-12-30 19:02:22.001 [http-nio-8882-exec-9] INFO  c.n.loadbalancer.DynamicServerListLoadBalancer - Using serverListUpdater PollingServerListUpdater
2019-12-30 19:02:22.049 [http-nio-8882-exec-9] INFO  com.netflix.config.ChainedDynamicProperty - Flipping property: micro-weather-city-eureka.ribbon.ActiveConnectionsLimit to use NEXT property: niws.loadbalancer.availabilityFilteringRule.activeConnectionsLimit = 2147483647
2019-12-30 19:02:22.049 [http-nio-8882-exec-9] INFO  c.n.loadbalancer.DynamicServerListLoadBalancer - DynamicServerListLoadBalancer for client micro-weather-city-eureka initialized: DynamicServerListLoadBalancer:{NFLoadBalancer:name=micro-weather-city-eureka,current list of Servers=[host.docker.internal:8883],Load balancer stats=Zone stats: {defaultzone=[Zone:defaultzone;	Instance count:1;	Active connections count: 0;	Circuit breaker tripped count: 0;	Active connections per server: 0.0;]
},Server stats: [[Server:host.docker.internal:8883;	Zone:defaultZone;	Total Requests:0;	Successive connection failure:0;	Total blackout seconds:0;	Last connection made:Thu Jan 01 08:00:00 CST 1970;	First connection made: Thu Jan 01 08:00:00 CST 1970;	Active Connections:0;	total failure count in last (1000) msecs:0;	average resp time:0.0;	90 percentile resp time:0.0;	95 percentile resp time:0.0;	min resp time:0.0;	max resp time:0.0;	stddev resp time:0.0]
]}ServerList:org.springframework.cloud.netflix.ribbon.eureka.DomainExtractingServerList@4aefe158
2019-12-30 19:02:22.111 [http-nio-8882-exec-8] INFO  com.netflix.config.ChainedDynamicProperty - Flipping property: micro-weather-data-eureka.ribbon.ActiveConnectionsLimit to use NEXT property: niws.loadbalancer.availabilityFilteringRule.activeConnectionsLimit = 2147483647
2019-12-30 19:02:22.111 [http-nio-8882-exec-8] INFO  com.netflix.util.concurrent.ShutdownEnabledTimer - Shutdown hook installed for: NFLoadBalancer-PingTimer-micro-weather-data-eureka
2019-12-30 19:02:22.111 [http-nio-8882-exec-8] INFO  com.netflix.loadbalancer.BaseLoadBalancer - Client: micro-weather-data-eureka instantiated a LoadBalancer: DynamicServerListLoadBalancer:{NFLoadBalancer:name=micro-weather-data-eureka,current list of Servers=[],Load balancer stats=Zone stats: {},Server stats: []}ServerList:null
2019-12-30 19:02:22.111 [http-nio-8882-exec-8] INFO  c.n.loadbalancer.DynamicServerListLoadBalancer - Using serverListUpdater PollingServerListUpdater
2019-12-30 19:02:22.111 [http-nio-8882-exec-8] INFO  com.netflix.config.ChainedDynamicProperty - Flipping property: micro-weather-data-eureka.ribbon.ActiveConnectionsLimit to use NEXT property: niws.loadbalancer.availabilityFilteringRule.activeConnectionsLimit = 2147483647
2019-12-30 19:02:22.111 [http-nio-8882-exec-8] INFO  c.n.loadbalancer.DynamicServerListLoadBalancer - DynamicServerListLoadBalancer for client micro-weather-data-eureka initialized: DynamicServerListLoadBalancer:{NFLoadBalancer:name=micro-weather-data-eureka,current list of Servers=[host.docker.internal:8881],Load balancer stats=Zone stats: {defaultzone=[Zone:defaultzone;	Instance count:1;	Active connections count: 0;	Circuit breaker tripped count: 0;	Active connections per server: 0.0;]
},Server stats: [[Server:host.docker.internal:8881;	Zone:defaultZone;	Total Requests:0;	Successive connection failure:0;	Total blackout seconds:0;	Last connection made:Thu Jan 01 08:00:00 CST 1970;	First connection made: Thu Jan 01 08:00:00 CST 1970;	Active Connections:0;	total failure count in last (1000) msecs:0;	average resp time:0.0;	90 percentile resp time:0.0;	95 percentile resp time:0.0;	min resp time:0.0;	max resp time:0.0;	stddev resp time:0.0]
]}ServerList:org.springframework.cloud.netflix.ribbon.eureka.DomainExtractingServerList@48058460
2019-12-30 19:02:23.027 [PollingServerListUpdater-0] INFO  com.netflix.config.ChainedDynamicProperty - Flipping property: micro-weather-city-eureka.ribbon.ActiveConnectionsLimit to use NEXT property: niws.loadbalancer.availabilityFilteringRule.activeConnectionsLimit = 2147483647
2019-12-30 19:02:23.130 [PollingServerListUpdater-1] INFO  com.netflix.config.ChainedDynamicProperty - Flipping property: micro-weather-data-eureka.ribbon.ActiveConnectionsLimit to use NEXT property: niws.loadbalancer.availabilityFilteringRule.activeConnectionsLimit = 2147483647
