2019-12-30 19:00:52.408 [main] INFO  o.s.c.s.PostProcessorRegistrationDelegate$BeanPostProcessorChecker - Bean 'org.springframework.cloud.autoconfigure.ConfigurationPropertiesRebinderAutoConfiguration' of type [org.springframework.cloud.autoconfigure.ConfigurationPropertiesRebinderAutoConfiguration$$EnhancerBySpringCGLIB$$1a911a2f] is not eligible for getting processed by all BeanPostProcessors (for example: not eligible for auto-proxying)
2019-12-30 19:00:53.329 [main] INFO  c.e.g.ReportEurekaFeignGatewayHystrixApplication - The following profiles are active: eureka
2019-12-30 19:00:55.878 [main] WARN  org.mybatis.spring.mapper.ClassPathMapperScanner - No MyBatis mapper was found in '[com.example.gradleDemo]' package. Please check your configuration.
2019-12-30 19:00:56.364 [main] WARN  o.springframework.boot.actuate.endpoint.EndpointId - Endpoint ID 'service-registry' contains invalid characters, please migrate to a valid format.
2019-12-30 19:00:56.381 [main] WARN  o.springframework.boot.actuate.endpoint.EndpointId - Endpoint ID 'hystrix.stream' contains invalid characters, please migrate to a valid format.
2019-12-30 19:00:56.986 [main] INFO  o.springframework.cloud.context.scope.GenericScope - BeanFactory id=7aedfd35-f7f0-3ae6-9fdf-47acd81a5db2
2019-12-30 19:00:57.021 [main] INFO  o.s.c.s.PostProcessorRegistrationDelegate$BeanPostProcessorChecker - Bean 'com.example.gradleDemo.service.DataClient' of type [org.springframework.cloud.openfeign.FeignClientFactoryBean] is not eligible for getting processed by all BeanPostProcessors (for example: not eligible for auto-proxying)
2019-12-30 19:00:57.233 [main] INFO  o.s.c.s.PostProcessorRegistrationDelegate$BeanPostProcessorChecker - Bean 'org.springframework.transaction.annotation.ProxyTransactionManagementConfiguration' of type [org.springframework.transaction.annotation.ProxyTransactionManagementConfiguration$$EnhancerBySpringCGLIB$$fe771732] is not eligible for getting processed by all BeanPostProcessors (for example: not eligible for auto-proxying)
2019-12-30 19:00:57.343 [main] INFO  o.s.c.s.PostProcessorRegistrationDelegate$BeanPostProcessorChecker - Bean 'org.springframework.cloud.autoconfigure.ConfigurationPropertiesRebinderAutoConfiguration' of type [org.springframework.cloud.autoconfigure.ConfigurationPropertiesRebinderAutoConfiguration$$EnhancerBySpringCGLIB$$1a911a2f] is not eligible for getting processed by all BeanPostProcessors (for example: not eligible for auto-proxying)
2019-12-30 19:00:58.272 [main] INFO  o.s.boot.web.embedded.tomcat.TomcatWebServer - Tomcat initialized with port(s): 8884 (http)
2019-12-30 19:00:58.298 [main] INFO  org.apache.coyote.http11.Http11NioProtocol - Initializing ProtocolHandler ["http-nio-8884"]
2019-12-30 19:00:58.320 [main] INFO  org.apache.catalina.core.StandardService - Starting service [Tomcat]
2019-12-30 19:00:58.320 [main] INFO  org.apache.catalina.core.StandardEngine - Starting Servlet engine: [Apache Tomcat/9.0.21]
2019-12-30 19:00:58.752 [main] INFO  o.a.c.core.ContainerBase.[Tomcat].[localhost].[/] - Initializing Spring embedded WebApplicationContext
2019-12-30 19:00:58.752 [main] INFO  org.springframework.web.context.ContextLoader - Root WebApplicationContext: initialization completed in 5391 ms
2019-12-30 19:00:58.967 [main] WARN  com.netflix.config.sources.URLConfigurationSource - No URLs will be polled as dynamic configuration sources.
2019-12-30 19:00:58.967 [main] INFO  com.netflix.config.sources.URLConfigurationSource - To enable URLs as dynamic configuration sources, define System property archaius.configurationSource.additionalUrls or make config.properties available on classpath.
2019-12-30 19:00:59.000 [main] INFO  com.netflix.config.DynamicPropertyFactory - DynamicPropertyFactory is initialized with configuration sources: com.netflix.config.ConcurrentCompositeConfiguration@35e98af
2019-12-30 19:01:00.906 [main] INFO  com.zaxxer.hikari.HikariDataSource - HikariPool-1 - Starting...
2019-12-30 19:01:01.190 [main] INFO  com.zaxxer.hikari.HikariDataSource - HikariPool-1 - Start completed.
2019-12-30 19:01:01.190 [main] INFO  com.codingapi.txlcn.tc.corelog.H2DbHelper - Init H2 DATABASE at C:\MrX\cloud\multigradle\.txlcn\micro-weather-report-eureka-feign-gateway-8884
2019-12-30 19:01:01.552 [main] WARN  com.netflix.config.sources.URLConfigurationSource - No URLs will be polled as dynamic configuration sources.
2019-12-30 19:01:01.552 [main] INFO  com.netflix.config.sources.URLConfigurationSource - To enable URLs as dynamic configuration sources, define System property archaius.configurationSource.additionalUrls or make config.properties available on classpath.
2019-12-30 19:01:01.926 [main] INFO  o.s.scheduling.concurrent.ThreadPoolTaskExecutor - Initializing ExecutorService 'applicationTaskExecutor'
2019-12-30 19:01:02.219 [main] INFO  o.s.b.a.web.servlet.WelcomePageHandlerMapping - Adding welcome page: class path resource [static/index.html]
2019-12-30 19:01:03.642 [main] INFO  o.s.b.actuate.endpoint.web.EndpointLinksResolver - Exposing 2 endpoint(s) beneath base path '/actuator'
2019-12-30 19:01:03.797 [main] INFO  o.s.cloud.netflix.eureka.InstanceInfoFactory - Setting initial instance status as: STARTING
2019-12-30 19:01:03.866 [main] INFO  com.netflix.discovery.DiscoveryClient - Initializing Eureka in region us-east-1
2019-12-30 19:01:04.659 [main] INFO  c.n.discovery.provider.DiscoveryJerseyProvider - Using JSON encoding codec LegacyJacksonJson
2019-12-30 19:01:04.662 [main] INFO  c.n.discovery.provider.DiscoveryJerseyProvider - Using JSON decoding codec LegacyJacksonJson
2019-12-30 19:01:04.860 [main] INFO  c.n.discovery.provider.DiscoveryJerseyProvider - Using XML encoding codec XStreamXml
2019-12-30 19:01:04.862 [main] INFO  c.n.discovery.provider.DiscoveryJerseyProvider - Using XML decoding codec XStreamXml
2019-12-30 19:01:05.219 [main] INFO  c.n.d.shared.resolver.aws.ConfigClusterResolver - Resolving eureka endpoints via configuration
2019-12-30 19:01:05.454 [main] INFO  com.netflix.discovery.DiscoveryClient - Disable delta property : false
2019-12-30 19:01:05.454 [main] INFO  com.netflix.discovery.DiscoveryClient - Single vip registry refresh property : null
2019-12-30 19:01:05.455 [main] INFO  com.netflix.discovery.DiscoveryClient - Force full registry fetch : false
2019-12-30 19:01:05.455 [main] INFO  com.netflix.discovery.DiscoveryClient - Application is null : false
2019-12-30 19:01:05.456 [main] INFO  com.netflix.discovery.DiscoveryClient - Registered Applications size is zero : true
2019-12-30 19:01:05.456 [main] INFO  com.netflix.discovery.DiscoveryClient - Application version is -1: true
2019-12-30 19:01:05.456 [main] INFO  com.netflix.discovery.DiscoveryClient - Getting all instance registry info from the eureka server
2019-12-30 19:01:05.770 [main] INFO  com.netflix.discovery.DiscoveryClient - The response status is 200
2019-12-30 19:01:05.775 [main] INFO  com.netflix.discovery.DiscoveryClient - Starting heartbeat executor: renew interval is: 30
2019-12-30 19:01:05.779 [main] INFO  com.netflix.discovery.InstanceInfoReplicator - InstanceInfoReplicator onDemand update allowed rate per min is 4
2019-12-30 19:01:05.783 [main] INFO  com.netflix.discovery.DiscoveryClient - Discovery Client initialized at timestamp 1577703665781 with initial instances count: 6
2019-12-30 19:01:05.795 [main] INFO  o.s.c.n.e.serviceregistry.EurekaServiceRegistry - Registering application MICRO-WEATHER-REPORT-EUREKA-FEIGN-GATEWAY with eureka with status UP
2019-12-30 19:01:05.797 [main] INFO  com.netflix.discovery.DiscoveryClient - Saw local status change event StatusChangeEvent [timestamp=1577703665797, current=UP, previous=STARTING]
2019-12-30 19:01:05.800 [DiscoveryClient-InstanceInfoReplicator-0] INFO  com.netflix.discovery.DiscoveryClient - DiscoveryClient_MICRO-WEATHER-REPORT-EUREKA-FEIGN-GATEWAY/host.docker.internal:micro-weather-report-eureka-feign-gateway:8884: registering service...
2019-12-30 19:01:05.822 [main] INFO  org.apache.coyote.http11.Http11NioProtocol - Starting ProtocolHandler ["http-nio-8884"]
2019-12-30 19:01:05.846 [DiscoveryClient-InstanceInfoReplicator-0] INFO  com.netflix.discovery.DiscoveryClient - DiscoveryClient_MICRO-WEATHER-REPORT-EUREKA-FEIGN-GATEWAY/host.docker.internal:micro-weather-report-eureka-feign-gateway:8884 - registration status: 204
2019-12-30 19:01:05.857 [main] INFO  o.s.boot.web.embedded.tomcat.TomcatWebServer - Tomcat started on port(s): 8884 (http) with context path ''
2019-12-30 19:01:05.858 [main] INFO  o.s.c.n.e.s.EurekaAutoServiceRegistration - Updating port to 8884
2019-12-30 19:01:05.861 [main] INFO  c.e.g.ReportEurekaFeignGatewayHystrixApplication - Started ReportEurekaFeignGatewayHystrixApplication in 16.885 seconds (JVM running for 18.136)
2019-12-30 19:01:06.012 [main] INFO  c.c.t.txmsg.netty.impl.NettyRpcClientInitializer - Try connect socket(/127.0.0.1:8070) - count 1
2019-12-30 19:01:06.523 [Thread-10] INFO  com.codingapi.txlcn.tc.txmsg.TCSideRpcInitCallBack - Send init message to TM[/127.0.0.1:8070]
2019-12-30 19:01:06.538 [main] INFO  com.codingapi.txlcn.tc.corelog.txc.TxcLogHelper - Txc log table finish (H2 DATABASE)
2019-12-30 19:01:06.538 [main] INFO  c.c.txlcn.tc.corelog.aspect.AspectLogHelper - Aspect log table finished (H2 DATABASE)
2019-12-30 19:01:06.761 [Thread-10] INFO  com.codingapi.txlcn.tc.txmsg.TCSideRpcInitCallBack - Finally, determined dtx time is 8000ms, tm rpc timeout is 1000 ms, machineId is 43
2019-12-30 19:01:06.763 [Thread-10] INFO  com.codingapi.txlcn.tc.txmsg.TMSearcher - Searching for more TM...
2019-12-30 19:01:06.799 [Thread-10] INFO  com.codingapi.txlcn.tc.txmsg.TMSearcher - TC[micro-weather-report-eureka-feign-gateway:8884] established TM cluster successfully!
2019-12-30 19:01:06.799 [Thread-10] INFO  com.codingapi.txlcn.tc.txmsg.TMSearcher - TM cluster's size: 1
2019-12-30 19:02:20.518 [http-nio-8884-exec-7] INFO  o.a.c.core.ContainerBase.[Tomcat].[localhost].[/] - Initializing Spring DispatcherServlet 'dispatcherServlet'
2019-12-30 19:02:20.518 [http-nio-8884-exec-7] INFO  org.springframework.web.servlet.DispatcherServlet - Initializing Servlet 'dispatcherServlet'
2019-12-30 19:02:20.551 [http-nio-8884-exec-7] INFO  org.springframework.web.servlet.DispatcherServlet - Completed initialization in 33 ms
2019-12-30 19:02:21.178 [hystrix-msa-weather-eureka-client-zuul-1] INFO  com.netflix.util.concurrent.ShutdownEnabledTimer - Shutdown hook installed for: NFLoadBalancer-PingTimer-msa-weather-eureka-client-zuul
2019-12-30 19:02:21.179 [hystrix-msa-weather-eureka-client-zuul-1] INFO  com.netflix.loadbalancer.BaseLoadBalancer - Client: msa-weather-eureka-client-zuul instantiated a LoadBalancer: DynamicServerListLoadBalancer:{NFLoadBalancer:name=msa-weather-eureka-client-zuul,current list of Servers=[],Load balancer stats=Zone stats: {},Server stats: []}ServerList:null
2019-12-30 19:02:21.191 [hystrix-msa-weather-eureka-client-zuul-1] INFO  c.n.loadbalancer.DynamicServerListLoadBalancer - Using serverListUpdater PollingServerListUpdater
2019-12-30 19:02:21.222 [hystrix-msa-weather-eureka-client-zuul-1] INFO  com.netflix.config.ChainedDynamicProperty - Flipping property: msa-weather-eureka-client-zuul.ribbon.ActiveConnectionsLimit to use NEXT property: niws.loadbalancer.availabilityFilteringRule.activeConnectionsLimit = 2147483647
2019-12-30 19:02:21.224 [hystrix-msa-weather-eureka-client-zuul-1] INFO  c.n.loadbalancer.DynamicServerListLoadBalancer - DynamicServerListLoadBalancer for client msa-weather-eureka-client-zuul initialized: DynamicServerListLoadBalancer:{NFLoadBalancer:name=msa-weather-eureka-client-zuul,current list of Servers=[host.docker.internal:8882],Load balancer stats=Zone stats: {defaultzone=[Zone:defaultzone;	Instance count:1;	Active connections count: 0;	Circuit breaker tripped count: 0;	Active connections per server: 0.0;]
},Server stats: [[Server:host.docker.internal:8882;	Zone:defaultZone;	Total Requests:0;	Successive connection failure:0;	Total blackout seconds:0;	Last connection made:Thu Jan 01 08:00:00 CST 1970;	First connection made: Thu Jan 01 08:00:00 CST 1970;	Active Connections:0;	total failure count in last (1000) msecs:0;	average resp time:0.0;	90 percentile resp time:0.0;	95 percentile resp time:0.0;	min resp time:0.0;	max resp time:0.0;	stddev resp time:0.0]
]}ServerList:org.springframework.cloud.netflix.ribbon.eureka.DomainExtractingServerList@4aeb146c
2019-12-30 19:02:22.206 [PollingServerListUpdater-0] INFO  com.netflix.config.ChainedDynamicProperty - Flipping property: msa-weather-eureka-client-zuul.ribbon.ActiveConnectionsLimit to use NEXT property: niws.loadbalancer.availabilityFilteringRule.activeConnectionsLimit = 2147483647
2019-12-30 19:02:22.923 [http-nio-8884-exec-7] WARN  c.c.t.t.c.t.lcn.control.LcnTransactionCleanService - Non lcn connection when clear transaction.
2019-12-30 19:06:05.463 [AsyncResolver-bootstrap-executor-0] INFO  c.n.d.shared.resolver.aws.ConfigClusterResolver - Resolving eureka endpoints via configuration
